2026-05-29T01:10:28.307816+00:00 deps/audit-2026-05-29.md
2026-05-29T01:10:28.307816+00:00 til/2026-05-29-01.md
2026-05-29T01:12:39.098276+00:00 til/2026-05-29-01.md
2026-05-29T01:17:00.698737+00:00 til/2026-05-29-01.md
2026-05-29T06:56:54.645640+00:00 til/2026-05-29-06.md
2026-05-29T09:00:59.071904+00:00 til/2026-05-29-09.md
2026-05-29T12:13:53.111296+00:00 algos/2026-05-29-12-bfs.py
2026-05-29T14:34:37.465430+00:00 til/2026-05-29-14.md
2026-05-29T18:08:10.071757+00:00 devlog/2026-05-29-18.md
2026-05-29T20:35:23.691956+00:00 til/2026-05-29-20.md
2026-05-29T22:40:05.825208+00:00 til/2026-05-29-22.md
2026-05-30T02:29:28.997530+00:00 deps/audit-2026-05-30.md
2026-05-30T02:29:28.997530+00:00 til/2026-05-30-02.md
2026-05-30T06:25:27.016722+00:00 til/2026-05-30-06.md
2026-05-30T08:12:39.741506+00:00 til/2026-05-30-08.md
2026-05-30T10:46:20.943316+00:00 til/2026-05-30-10.md
2026-05-30T12:58:34.976979+00:00 algos/2026-05-30-12-floyd_warshall.py
2026-05-30T15:59:42.147784+00:00 algos/2026-05-30-15-two_pointers.py
2026-05-30T19:37:30.965586+00:00 til/2026-05-30-19.md
2026-05-30T22:06:28.036724+00:00 til/2026-05-30-22.md
2026-05-31T02:46:18.309059+00:00 deps/audit-2026-05-31.md
2026-05-31T02:46:18.309059+00:00 til/2026-05-31-02.md
2026-05-31T06:59:37.580550+00:00 til/2026-05-31-06.md
2026-05-31T08:31:28.056262+00:00 til/2026-05-31-08.md
2026-05-31T10:55:18.191059+00:00 til/2026-05-31-10.md
2026-05-31T13:08:00.698897+00:00 til/2026-05-31-13.md
2026-05-31T16:00:17.934474+00:00 til/2026-05-31-16.md
2026-05-31T19:36:22.899540+00:00 til/2026-05-31-19.md
2026-05-31T22:07:05.354356+00:00 til/2026-05-31-22.md
2026-06-01T02:55:07.637480+00:00 deps/audit-2026-06-01.md
2026-06-01T02:55:07.637480+00:00 til/2026-06-01-02.md
2026-06-01T08:37:00.968291+00:00 til/2026-06-01-08.md
2026-06-01T11:03:24.433089+00:00 til/2026-06-01-11.md
2026-06-01T18:41:48.708042+00:00 devlog/2026-06-01-18.md
2026-06-01T19:01:06.678449+00:00 til/2026-06-01-19.md
2026-06-01T19:11:39.578272+00:00 til/2026-06-01-19.md
2026-06-01T22:12:25.844597+00:00 til/2026-06-01-22.md
2026-06-01T22:17:46.249373+00:00 til/2026-06-01-22.md
2026-06-01T22:23:14.730729+00:00 til/2026-06-01-22.md
2026-06-01T23:45:33.678342+00:00 til/2026-06-01-23.md
